{"/Users/emanuelacisne/Desktop/teste-tecnico/src/components/ProgressBar.tsx": {"path":"/Users/emanuelacisne/Desktop/teste-tecnico/src/components/ProgressBar.tsx","statementMap":{"0":{"start":{"line":40,"column":24},"end":{"line":40,"column":29}},"1":{"start":{"line":1,"column":23},"end":{"line":1,"column":null}},"2":{"start":{"line":2,"column":18},"end":{"line":2,"column":null}},"3":{"start":{"line":4,"column":20},"end":{"line":9,"column":null}},"4":{"start":{"line":11,"column":16},"end":{"line":32,"column":null}}},"fnMap":{"0":{"name":"Step","decl":{"start":{"line":40,"column":24},"end":{"line":40,"column":29}},"loc":{"start":{"line":40,"column":67},"end":{"line":47,"column":null}}}},"branchMap":{},"s":{"0":0,"1":0,"2":0,"3":0,"4":0},"f":{"0":0},"b":{}}
,"/Users/emanuelacisne/Desktop/teste-tecnico/src/pages/_app.tsx": {"path":"/Users/emanuelacisne/Desktop/teste-tecnico/src/pages/_app.tsx","statementMap":{"0":{"start":{"line":15,"column":24},"end":{"line":15,"column":null}},"1":{"start":{"line":1,"column":29},"end":{"line":1,"column":null}},"2":{"start":{"line":2,"column":36},"end":{"line":2,"column":null}},"3":{"start":{"line":4,"column":160},"end":{"line":4,"column":null}},"4":{"start":{"line":5,"column":18},"end":{"line":5,"column":null}},"5":{"start":{"line":7,"column":18},"end":{"line":7,"column":null}},"6":{"start":{"line":8,"column":18},"end":{"line":8,"column":null}},"7":{"start":{"line":9,"column":18},"end":{"line":9,"column":null}},"8":{"start":{"line":10,"column":18},"end":{"line":10,"column":null}},"9":{"start":{"line":11,"column":17},"end":{"line":11,"column":null}},"10":{"start":{"line":13,"column":0},"end":{"line":13,"column":null}},"11":{"start":{"line":16,"column":26},"end":{"line":16,"column":null}},"12":{"start":{"line":17,"column":40},"end":{"line":17,"column":null}},"13":{"start":{"line":19,"column":2},"end":{"line":32,"column":null}},"14":{"start":{"line":20,"column":30},"end":{"line":22,"column":null}},"15":{"start":{"line":21,"column":6},"end":{"line":21,"column":null}},"16":{"start":{"line":24,"column":4},"end":{"line":24,"column":null}},"17":{"start":{"line":27,"column":4},"end":{"line":27,"column":null}},"18":{"start":{"line":29,"column":4},"end":{"line":31,"column":null}},"19":{"start":{"line":30,"column":6},"end":{"line":30,"column":null}},"20":{"start":{"line":34,"column":22},"end":{"line":47,"column":null}},"21":{"start":{"line":35,"column":4},"end":{"line":46,"column":null}},"22":{"start":{"line":37,"column":8},"end":{"line":37,"column":null}},"23":{"start":{"line":39,"column":8},"end":{"line":39,"column":null}},"24":{"start":{"line":41,"column":8},"end":{"line":41,"column":null}},"25":{"start":{"line":43,"column":8},"end":{"line":43,"column":null}},"26":{"start":{"line":45,"column":8},"end":{"line":45,"column":null}},"27":{"start":{"line":49,"column":16},"end":{"line":70,"column":null}},"28":{"start":{"line":104,"column":29},"end":{"line":104,"column":null}},"29":{"start":{"line":112,"column":39},"end":{"line":112,"column":72}}},"fnMap":{"0":{"name":"App","decl":{"start":{"line":15,"column":24},"end":{"line":15,"column":null}},"loc":{"start":{"line":15,"column":24},"end":{"line":120,"column":null}}},"1":{"name":"(anonymous_3)","decl":{"start":{"line":19,"column":12},"end":{"line":19,"column":null}},"loc":{"start":{"line":19,"column":12},"end":{"line":32,"column":5}}},"2":{"name":"(anonymous_4)","decl":{"start":{"line":20,"column":30},"end":{"line":20,"column":null}},"loc":{"start":{"line":20,"column":30},"end":{"line":22,"column":null}}},"3":{"name":"(anonymous_5)","decl":{"start":{"line":29,"column":11},"end":{"line":29,"column":null}},"loc":{"start":{"line":29,"column":11},"end":{"line":31,"column":null}}},"4":{"name":"(anonymous_6)","decl":{"start":{"line":34,"column":22},"end":{"line":34,"column":null}},"loc":{"start":{"line":34,"column":22},"end":{"line":47,"column":null}}},"5":{"name":"(anonymous_8)","decl":{"start":{"line":104,"column":23},"end":{"line":104,"column":29}},"loc":{"start":{"line":104,"column":29},"end":{"line":104,"column":null}}},"6":{"name":"(anonymous_9)","decl":{"start":{"line":112,"column":33},"end":{"line":112,"column":39}},"loc":{"start":{"line":112,"column":39},"end":{"line":112,"column":72}}}},"branchMap":{"0":{"loc":{"start":{"line":35,"column":4},"end":{"line":46,"column":null}},"type":"switch","locations":[{"start":{"line":36,"column":6},"end":{"line":37,"column":null}},{"start":{"line":38,"column":6},"end":{"line":39,"column":null}},{"start":{"line":40,"column":6},"end":{"line":41,"column":null}},{"start":{"line":42,"column":6},"end":{"line":43,"column":null}},{"start":{"line":44,"column":6},"end":{"line":45,"column":null}}]},"1":{"loc":{"start":{"line":74,"column":7},"end":{"line":74,"column":null}},"type":"binary-expr","locations":[{"start":{"line":74,"column":7},"end":{"line":74,"column":null}}]},"2":{"loc":{"start":{"line":102,"column":11},"end":{"line":102,"column":25}},"type":"binary-expr","locations":[{"start":{"line":102,"column":11},"end":{"line":102,"column":25}},{"start":{"line":102,"column":25},"end":{"line":102,"column":null}}]},"3":{"loc":{"start":{"line":111,"column":11},"end":{"line":111,"column":null}},"type":"binary-expr","locations":[{"start":{"line":111,"column":11},"end":{"line":111,"column":null}}]},"4":{"loc":{"start":{"line":112,"column":39},"end":{"line":112,"column":72}},"type":"binary-expr","locations":[{"start":{"line":112,"column":39},"end":{"line":112,"column":53}},{"start":{"line":112,"column":53},"end":{"line":112,"column":72}}]}},"s":{"0":0,"1":0,"2":0,"3":0,"4":0,"5":0,"6":0,"7":0,"8":0,"9":0,"10":0,"11":0,"12":0,"13":0,"14":0,"15":0,"16":0,"17":0,"18":0,"19":0,"20":0,"21":0,"22":0,"23":0,"24":0,"25":0,"26":0,"27":0,"28":0,"29":0},"f":{"0":0,"1":0,"2":0,"3":0,"4":0,"5":0,"6":0},"b":{"0":[0,0,0,0,0],"1":[0],"2":[0,0],"3":[0],"4":[0,0]}}
,"/Users/emanuelacisne/Desktop/teste-tecnico/src/pages/_document.tsx": {"path":"/Users/emanuelacisne/Desktop/teste-tecnico/src/pages/_document.tsx","statementMap":{"0":{"start":{"line":4,"column":24},"end":{"line":4,"column":null}},"1":{"start":{"line":1,"column":45},"end":{"line":1,"column":null}},"2":{"start":{"line":2,"column":27},"end":{"line":2,"column":null}}},"fnMap":{"0":{"name":"Document","decl":{"start":{"line":4,"column":24},"end":{"line":4,"column":null}},"loc":{"start":{"line":4,"column":24},"end":{"line":21,"column":null}}}},"branchMap":{},"s":{"0":0,"1":0,"2":0},"f":{"0":0},"b":{}}
,"/Users/emanuelacisne/Desktop/teste-tecnico/src/pages/index.tsx": {"path":"/Users/emanuelacisne/Desktop/teste-tecnico/src/pages/index.tsx","statementMap":{"0":{"start":{"line":5,"column":24},"end":{"line":5,"column":null}},"1":{"start":{"line":1,"column":32},"end":{"line":1,"column":null}},"2":{"start":{"line":2,"column":17},"end":{"line":2,"column":null}},"3":{"start":{"line":3,"column":30},"end":{"line":3,"column":null}},"4":{"start":{"line":6,"column":40},"end":{"line":6,"column":null}},"5":{"start":{"line":8,"column":18},"end":{"line":23,"column":null}},"6":{"start":{"line":9,"column":18},"end":{"line":9,"column":null}},"7":{"start":{"line":14,"column":10},"end":{"line":15,"column":null}}},"fnMap":{"0":{"name":"Home","decl":{"start":{"line":5,"column":24},"end":{"line":5,"column":null}},"loc":{"start":{"line":5,"column":24},"end":{"line":34,"column":null}}},"1":{"name":"(anonymous_6)","decl":{"start":{"line":8,"column":18},"end":{"line":8,"column":19}},"loc":{"start":{"line":8,"column":39},"end":{"line":23,"column":null}}},"2":{"name":"(anonymous_7)","decl":{"start":{"line":13,"column":19},"end":{"line":13,"column":20}},"loc":{"start":{"line":14,"column":10},"end":{"line":15,"column":null}}}},"branchMap":{"0":{"loc":{"start":{"line":16,"column":31},"end":{"line":16,"column":68}},"type":"cond-expr","locations":[{"start":{"line":16,"column":54},"end":{"line":16,"column":65}},{"start":{"line":16,"column":65},"end":{"line":16,"column":68}}]},"1":{"loc":{"start":{"line":28,"column":7},"end":{"line":28,"column":30}},"type":"binary-expr","locations":[{"start":{"line":28,"column":7},"end":{"line":28,"column":30}}]},"2":{"loc":{"start":{"line":29,"column":7},"end":{"line":29,"column":30}},"type":"binary-expr","locations":[{"start":{"line":29,"column":7},"end":{"line":29,"column":30}}]},"3":{"loc":{"start":{"line":30,"column":7},"end":{"line":30,"column":30}},"type":"binary-expr","locations":[{"start":{"line":30,"column":7},"end":{"line":30,"column":30}}]},"4":{"loc":{"start":{"line":31,"column":7},"end":{"line":31,"column":30}},"type":"binary-expr","locations":[{"start":{"line":31,"column":7},"end":{"line":31,"column":30}}]}},"s":{"0":0,"1":0,"2":0,"3":0,"4":0,"5":0,"6":0,"7":0},"f":{"0":0,"1":0,"2":0},"b":{"0":[0,0],"1":[0],"2":[0],"3":[0],"4":[0]}}
,"/Users/emanuelacisne/Desktop/teste-tecnico/src/pages/step1.tsx": {"path":"/Users/emanuelacisne/Desktop/teste-tecnico/src/pages/step1.tsx","statementMap":{"0":{"start":{"line":10,"column":24},"end":{"line":10,"column":null}},"1":{"start":{"line":1,"column":32},"end":{"line":1,"column":null}},"2":{"start":{"line":8,"column":7},"end":{"line":8,"column":null}},"3":{"start":{"line":11,"column":34},"end":{"line":11,"column":null}},"4":{"start":{"line":12,"column":28},"end":{"line":12,"column":null}},"5":{"start":{"line":13,"column":40},"end":{"line":13,"column":null}},"6":{"start":{"line":14,"column":28},"end":{"line":14,"column":null}},"7":{"start":{"line":15,"column":21},"end":{"line":15,"column":null}},"8":{"start":{"line":16,"column":21},"end":{"line":16,"column":null}},"9":{"start":{"line":18,"column":23},"end":{"line":24,"column":null}},"10":{"start":{"line":19,"column":25},"end":{"line":19,"column":null}},"11":{"start":{"line":20,"column":25},"end":{"line":20,"column":null}},"12":{"start":{"line":21,"column":28},"end":{"line":21,"column":null}},"13":{"start":{"line":23,"column":4},"end":{"line":23,"column":null}},"14":{"start":{"line":37,"column":27},"end":{"line":37,"column":null}},"15":{"start":{"line":47,"column":27},"end":{"line":47,"column":null}},"16":{"start":{"line":57,"column":27},"end":{"line":57,"column":null}}},"fnMap":{"0":{"name":"Step1","decl":{"start":{"line":10,"column":24},"end":{"line":10,"column":null}},"loc":{"start":{"line":10,"column":24},"end":{"line":70,"column":null}}},"1":{"name":"(anonymous_5)","decl":{"start":{"line":18,"column":23},"end":{"line":18,"column":null}},"loc":{"start":{"line":18,"column":23},"end":{"line":24,"column":null}}},"2":{"name":"(anonymous_6)","decl":{"start":{"line":37,"column":20},"end":{"line":37,"column":21}},"loc":{"start":{"line":37,"column":27},"end":{"line":37,"column":null}}},"3":{"name":"(anonymous_7)","decl":{"start":{"line":47,"column":20},"end":{"line":47,"column":21}},"loc":{"start":{"line":47,"column":27},"end":{"line":47,"column":null}}},"4":{"name":"(anonymous_8)","decl":{"start":{"line":57,"column":20},"end":{"line":57,"column":21}},"loc":{"start":{"line":57,"column":27},"end":{"line":57,"column":null}}}},"branchMap":{"0":{"loc":{"start":{"line":23,"column":13},"end":{"line":23,"column":null}},"type":"binary-expr","locations":[{"start":{"line":23,"column":13},"end":{"line":23,"column":29}},{"start":{"line":23,"column":29},"end":{"line":23,"column":45}},{"start":{"line":23,"column":45},"end":{"line":23,"column":null}}]},"1":{"loc":{"start":{"line":61,"column":9},"end":{"line":61,"column":null}},"type":"binary-expr","locations":[{"start":{"line":61,"column":9},"end":{"line":61,"column":null}}]}},"s":{"0":0,"1":0,"2":0,"3":0,"4":0,"5":0,"6":0,"7":0,"8":0,"9":0,"10":0,"11":0,"12":0,"13":0,"14":0,"15":0,"16":0},"f":{"0":0,"1":0,"2":0,"3":0,"4":0},"b":{"0":[0,0,0],"1":[0]}}
,"/Users/emanuelacisne/Desktop/teste-tecnico/src/pages/step2.tsx": {"path":"/Users/emanuelacisne/Desktop/teste-tecnico/src/pages/step2.tsx","statementMap":{"0":{"start":{"line":6,"column":24},"end":{"line":6,"column":null}},"1":{"start":{"line":1,"column":32},"end":{"line":1,"column":null}},"2":{"start":{"line":2,"column":18},"end":{"line":2,"column":null}},"3":{"start":{"line":4,"column":140},"end":{"line":4,"column":null}},"4":{"start":{"line":7,"column":42},"end":{"line":7,"column":null}},"5":{"start":{"line":8,"column":16},"end":{"line":27,"column":null}},"6":{"start":{"line":36,"column":12},"end":{"line":38,"column":null}},"7":{"start":{"line":40,"column":29},"end":{"line":40,"column":null}}},"fnMap":{"0":{"name":"Step2","decl":{"start":{"line":6,"column":24},"end":{"line":6,"column":null}},"loc":{"start":{"line":6,"column":24},"end":{"line":71,"column":null}}},"1":{"name":"(anonymous_6)","decl":{"start":{"line":35,"column":23},"end":{"line":35,"column":24}},"loc":{"start":{"line":36,"column":12},"end":{"line":38,"column":null}}},"2":{"name":"(anonymous_7)","decl":{"start":{"line":40,"column":23},"end":{"line":40,"column":29}},"loc":{"start":{"line":40,"column":29},"end":{"line":40,"column":null}}}},"branchMap":{"0":{"loc":{"start":{"line":39,"column":33},"end":{"line":39,"column":76}},"type":"cond-expr","locations":[{"start":{"line":39,"column":60},"end":{"line":39,"column":73}},{"start":{"line":39,"column":73},"end":{"line":39,"column":76}}]},"1":{"loc":{"start":{"line":65,"column":9},"end":{"line":65,"column":null}},"type":"binary-expr","locations":[{"start":{"line":65,"column":9},"end":{"line":65,"column":26}},{"start":{"line":65,"column":26},"end":{"line":65,"column":null}}]}},"s":{"0":0,"1":0,"2":0,"3":0,"4":0,"5":0,"6":0,"7":0},"f":{"0":0,"1":0,"2":0},"b":{"0":[0,0],"1":[0,0]}}
,"/Users/emanuelacisne/Desktop/teste-tecnico/src/pages/step3.tsx": {"path":"/Users/emanuelacisne/Desktop/teste-tecnico/src/pages/step3.tsx","statementMap":{"0":{"start":{"line":5,"column":24},"end":{"line":5,"column":null}},"1":{"start":{"line":1,"column":18},"end":{"line":1,"column":null}},"2":{"start":{"line":2,"column":26},"end":{"line":2,"column":null}},"3":{"start":{"line":3,"column":93},"end":{"line":3,"column":null}}},"fnMap":{"0":{"name":"Step3","decl":{"start":{"line":5,"column":24},"end":{"line":5,"column":null}},"loc":{"start":{"line":5,"column":24},"end":{"line":73,"column":null}}}},"branchMap":{},"s":{"0":0,"1":0,"2":0,"3":0},"f":{"0":0},"b":{}}
,"/Users/emanuelacisne/Desktop/teste-tecnico/src/pages/step4.tsx": {"path":"/Users/emanuelacisne/Desktop/teste-tecnico/src/pages/step4.tsx","statementMap":{"0":{"start":{"line":7,"column":24},"end":{"line":7,"column":null}},"1":{"start":{"line":1,"column":18},"end":{"line":1,"column":null}},"2":{"start":{"line":2,"column":18},"end":{"line":2,"column":null}},"3":{"start":{"line":3,"column":37},"end":{"line":3,"column":null}},"4":{"start":{"line":5,"column":25},"end":{"line":5,"column":null}}},"fnMap":{"0":{"name":"Step4","decl":{"start":{"line":7,"column":24},"end":{"line":7,"column":null}},"loc":{"start":{"line":7,"column":24},"end":{"line":21,"column":null}}}},"branchMap":{},"s":{"0":0,"1":0,"2":0,"3":0,"4":0},"f":{"0":0},"b":{}}
,"/Users/emanuelacisne/Desktop/teste-tecnico/src/styles/global.ts": {"path":"/Users/emanuelacisne/Desktop/teste-tecnico/src/styles/global.ts","statementMap":{"0":{"start":{"line":3,"column":13},"end":{"line":3,"column":28}},"1":{"start":{"line":1,"column":26},"end":{"line":1,"column":null}},"2":{"start":{"line":3,"column":28},"end":{"line":22,"column":null}}},"fnMap":{},"branchMap":{},"s":{"0":0,"1":0,"2":0},"f":{},"b":{}}
,"/Users/emanuelacisne/Desktop/teste-tecnico/src/styles/index.ts": {"path":"/Users/emanuelacisne/Desktop/teste-tecnico/src/styles/index.ts","statementMap":{"0":{"start":{"line":4,"column":2},"end":{"line":4,"column":8}},"1":{"start":{"line":5,"column":2},"end":{"line":5,"column":8}},"2":{"start":{"line":6,"column":2},"end":{"line":6,"column":5}},"3":{"start":{"line":7,"column":2},"end":{"line":7,"column":11}},"4":{"start":{"line":8,"column":2},"end":{"line":8,"column":11}},"5":{"start":{"line":9,"column":2},"end":{"line":9,"column":12}},"6":{"start":{"line":10,"column":2},"end":{"line":10,"column":7}},"7":{"start":{"line":11,"column":2},"end":{"line":11,"column":13}},"8":{"start":{"line":1,"column":31},"end":{"line":1,"column":null}},"9":{"start":{"line":12,"column":4},"end":{"line":45,"column":null}}},"fnMap":{},"branchMap":{},"s":{"0":0,"1":0,"2":0,"3":0,"4":0,"5":0,"6":0,"7":0,"8":0,"9":0},"f":{},"b":{}}
,"/Users/emanuelacisne/Desktop/teste-tecnico/src/styles/pages/app.ts": {"path":"/Users/emanuelacisne/Desktop/teste-tecnico/src/styles/pages/app.ts","statementMap":{"0":{"start":{"line":3,"column":13},"end":{"line":3,"column":30}},"1":{"start":{"line":8,"column":13},"end":{"line":8,"column":22}},"2":{"start":{"line":29,"column":13},"end":{"line":29,"column":20}},"3":{"start":{"line":35,"column":13},"end":{"line":35,"column":28}},"4":{"start":{"line":47,"column":13},"end":{"line":47,"column":27}},"5":{"start":{"line":58,"column":13},"end":{"line":58,"column":20}},"6":{"start":{"line":63,"column":13},"end":{"line":63,"column":26}},"7":{"start":{"line":86,"column":13},"end":{"line":86,"column":31}},"8":{"start":{"line":107,"column":13},"end":{"line":107,"column":23}},"9":{"start":{"line":115,"column":13},"end":{"line":115,"column":23}},"10":{"start":{"line":135,"column":13},"end":{"line":135,"column":25}},"11":{"start":{"line":155,"column":13},"end":{"line":155,"column":30}},"12":{"start":{"line":1,"column":28},"end":{"line":1,"column":null}},"13":{"start":{"line":3,"column":33},"end":{"line":6,"column":null}},"14":{"start":{"line":8,"column":25},"end":{"line":27,"column":null}},"15":{"start":{"line":29,"column":23},"end":{"line":33,"column":null}},"16":{"start":{"line":35,"column":31},"end":{"line":45,"column":null}},"17":{"start":{"line":47,"column":30},"end":{"line":56,"column":null}},"18":{"start":{"line":58,"column":23},"end":{"line":61,"column":null}},"19":{"start":{"line":63,"column":29},"end":{"line":84,"column":null}},"20":{"start":{"line":86,"column":34},"end":{"line":105,"column":null}},"21":{"start":{"line":107,"column":26},"end":{"line":113,"column":null}},"22":{"start":{"line":115,"column":26},"end":{"line":133,"column":null}},"23":{"start":{"line":135,"column":28},"end":{"line":153,"column":null}},"24":{"start":{"line":155,"column":33},"end":{"line":158,"column":null}}},"fnMap":{},"branchMap":{},"s":{"0":0,"1":0,"2":0,"3":0,"4":0,"5":0,"6":0,"7":0,"8":0,"9":0,"10":0,"11":0,"12":0,"13":0,"14":0,"15":0,"16":0,"17":0,"18":0,"19":0,"20":0,"21":0,"22":0,"23":0,"24":0},"f":{},"b":{}}
,"/Users/emanuelacisne/Desktop/teste-tecnico/src/styles/pages/home.ts": {"path":"/Users/emanuelacisne/Desktop/teste-tecnico/src/styles/pages/home.ts","statementMap":{"0":{"start":{"line":3,"column":13},"end":{"line":3,"column":29}},"1":{"start":{"line":1,"column":23},"end":{"line":1,"column":null}},"2":{"start":{"line":3,"column":29},"end":{"line":10,"column":null}}},"fnMap":{},"branchMap":{},"s":{"0":0,"1":0,"2":0},"f":{},"b":{}}
,"/Users/emanuelacisne/Desktop/teste-tecnico/src/styles/pages/step1.ts": {"path":"/Users/emanuelacisne/Desktop/teste-tecnico/src/styles/pages/step1.ts","statementMap":{"0":{"start":{"line":3,"column":13},"end":{"line":3,"column":34}},"1":{"start":{"line":7,"column":13},"end":{"line":7,"column":20}},"2":{"start":{"line":29,"column":13},"end":{"line":29,"column":23}},"3":{"start":{"line":43,"column":13},"end":{"line":43,"column":18}},"4":{"start":{"line":49,"column":13},"end":{"line":49,"column":25}},"5":{"start":{"line":1,"column":23},"end":{"line":1,"column":null}},"6":{"start":{"line":3,"column":37},"end":{"line":5,"column":null}},"7":{"start":{"line":7,"column":23},"end":{"line":27,"column":null}},"8":{"start":{"line":29,"column":26},"end":{"line":41,"column":null}},"9":{"start":{"line":43,"column":21},"end":{"line":47,"column":null}},"10":{"start":{"line":49,"column":28},"end":{"line":51,"column":null}}},"fnMap":{},"branchMap":{},"s":{"0":0,"1":0,"2":0,"3":0,"4":0,"5":0,"6":0,"7":0,"8":0,"9":0,"10":0},"f":{},"b":{}}
,"/Users/emanuelacisne/Desktop/teste-tecnico/src/styles/pages/step2.ts": {"path":"/Users/emanuelacisne/Desktop/teste-tecnico/src/styles/pages/step2.ts","statementMap":{"0":{"start":{"line":5,"column":13},"end":{"line":5,"column":34}},"1":{"start":{"line":11,"column":13},"end":{"line":11,"column":20}},"2":{"start":{"line":25,"column":13},"end":{"line":25,"column":20}},"3":{"start":{"line":40,"column":13},"end":{"line":40,"column":27}},"4":{"start":{"line":62,"column":13},"end":{"line":62,"column":30}},"5":{"start":{"line":69,"column":13},"end":{"line":69,"column":22}},"6":{"start":{"line":77,"column":13},"end":{"line":77,"column":23}},"7":{"start":{"line":90,"column":13},"end":{"line":90,"column":24}},"8":{"start":{"line":103,"column":13},"end":{"line":103,"column":17}},"9":{"start":{"line":105,"column":13},"end":{"line":105,"column":18}},"10":{"start":{"line":1,"column":23},"end":{"line":1,"column":null}},"11":{"start":{"line":2,"column":23},"end":{"line":2,"column":null}},"12":{"start":{"line":3,"column":24},"end":{"line":3,"column":null}},"13":{"start":{"line":5,"column":37},"end":{"line":9,"column":null}},"14":{"start":{"line":11,"column":23},"end":{"line":23,"column":null}},"15":{"start":{"line":25,"column":23},"end":{"line":38,"column":null}},"16":{"start":{"line":40,"column":30},"end":{"line":60,"column":null}},"17":{"start":{"line":62,"column":33},"end":{"line":67,"column":null}},"18":{"start":{"line":69,"column":25},"end":{"line":75,"column":null}},"19":{"start":{"line":77,"column":26},"end":{"line":88,"column":null}},"20":{"start":{"line":90,"column":27},"end":{"line":101,"column":null}},"21":{"start":{"line":103,"column":20},"end":{"line":103,"column":null}},"22":{"start":{"line":105,"column":21},"end":{"line":109,"column":null}}},"fnMap":{},"branchMap":{},"s":{"0":0,"1":0,"2":0,"3":0,"4":0,"5":0,"6":0,"7":0,"8":0,"9":0,"10":0,"11":0,"12":0,"13":0,"14":0,"15":0,"16":0,"17":0,"18":0,"19":0,"20":0,"21":0,"22":0},"f":{},"b":{}}
,"/Users/emanuelacisne/Desktop/teste-tecnico/src/styles/pages/step3.ts": {"path":"/Users/emanuelacisne/Desktop/teste-tecnico/src/styles/pages/step3.ts","statementMap":{"0":{"start":{"line":5,"column":13},"end":{"line":5,"column":34}},"1":{"start":{"line":11,"column":13},"end":{"line":11,"column":20}},"2":{"start":{"line":35,"column":13},"end":{"line":35,"column":21}},"3":{"start":{"line":51,"column":13},"end":{"line":51,"column":25}},"4":{"start":{"line":65,"column":13},"end":{"line":65,"column":30}},"5":{"start":{"line":69,"column":13},"end":{"line":69,"column":18}},"6":{"start":{"line":78,"column":13},"end":{"line":78,"column":17}},"7":{"start":{"line":1,"column":26},"end":{"line":1,"column":null}},"8":{"start":{"line":2,"column":31},"end":{"line":2,"column":null}},"9":{"start":{"line":3,"column":23},"end":{"line":3,"column":null}},"10":{"start":{"line":5,"column":37},"end":{"line":9,"column":null}},"11":{"start":{"line":11,"column":23},"end":{"line":33,"column":null}},"12":{"start":{"line":35,"column":24},"end":{"line":49,"column":null}},"13":{"start":{"line":51,"column":28},"end":{"line":63,"column":null}},"14":{"start":{"line":65,"column":33},"end":{"line":67,"column":null}},"15":{"start":{"line":69,"column":21},"end":{"line":76,"column":null}},"16":{"start":{"line":78,"column":20},"end":{"line":95,"column":null}}},"fnMap":{},"branchMap":{},"s":{"0":0,"1":0,"2":0,"3":0,"4":0,"5":0,"6":0,"7":0,"8":0,"9":0,"10":0,"11":0,"12":0,"13":0,"14":0,"15":0,"16":0},"f":{},"b":{}}
,"/Users/emanuelacisne/Desktop/teste-tecnico/src/styles/pages/step4.ts": {"path":"/Users/emanuelacisne/Desktop/teste-tecnico/src/styles/pages/step4.ts","statementMap":{"0":{"start":{"line":3,"column":13},"end":{"line":3,"column":36}},"1":{"start":{"line":1,"column":23},"end":{"line":1,"column":null}},"2":{"start":{"line":3,"column":36},"end":{"line":17,"column":null}}},"fnMap":{},"branchMap":{},"s":{"0":0,"1":0,"2":0},"f":{},"b":{}}
}
