TN:
SF:src/components/ProgressBar.tsx
FN:40,Step
FNF:1
FNH:0
FNDA:0,Step
DA:1,0
DA:2,0
DA:4,0
DA:11,0
DA:40,0
LF:5
LH:0
BRF:0
BRH:0
end_of_record
TN:
SF:src/pages/_app.tsx
FN:15,App
FN:19,(anonymous_3)
FN:20,(anonymous_4)
FN:29,(anonymous_5)
FN:34,(anonymous_6)
FN:104,(anonymous_8)
FN:112,(anonymous_9)
FNF:7
FNH:0
FNDA:0,App
FNDA:0,(anonymous_3)
FNDA:0,(anonymous_4)
FNDA:0,(anonymous_5)
FNDA:0,(anonymous_6)
FNDA:0,(anonymous_8)
FNDA:0,(anonymous_9)
DA:1,0
DA:2,0
DA:4,0
DA:5,0
DA:7,0
DA:8,0
DA:9,0
DA:10,0
DA:11,0
DA:13,0
DA:15,0
DA:16,0
DA:17,0
DA:19,0
DA:20,0
DA:21,0
DA:24,0
DA:27,0
DA:29,0
DA:30,0
DA:34,0
DA:35,0
DA:37,0
DA:39,0
DA:41,0
DA:43,0
DA:45,0
DA:49,0
DA:104,0
DA:112,0
LF:30
LH:0
BRDA:35,0,0,0
BRDA:35,0,1,0
BRDA:35,0,2,0
BRDA:35,0,3,0
BRDA:35,0,4,0
BRDA:74,1,0,0
BRDA:102,2,0,0
BRDA:102,2,1,0
BRDA:111,3,0,0
BRDA:112,4,0,0
BRDA:112,4,1,0
BRF:11
BRH:0
end_of_record
TN:
SF:src/pages/_document.tsx
FN:4,Document
FNF:1
FNH:0
FNDA:0,Document
DA:1,0
DA:2,0
DA:4,0
LF:3
LH:0
BRF:0
BRH:0
end_of_record
TN:
SF:src/pages/index.tsx
FN:5,Home
FN:8,(anonymous_6)
FN:13,(anonymous_7)
FNF:3
FNH:0
FNDA:0,Home
FNDA:0,(anonymous_6)
FNDA:0,(anonymous_7)
DA:1,0
DA:2,0
DA:3,0
DA:5,0
DA:6,0
DA:8,0
DA:9,0
DA:14,0
LF:8
LH:0
BRDA:16,0,0,0
BRDA:16,0,1,0
BRDA:28,1,0,0
BRDA:29,2,0,0
BRDA:30,3,0,0
BRDA:31,4,0,0
BRF:6
BRH:0
end_of_record
TN:
SF:src/pages/step1.tsx
FN:10,Step1
FN:18,(anonymous_5)
FN:37,(anonymous_6)
FN:47,(anonymous_7)
FN:57,(anonymous_8)
FNF:5
FNH:0
FNDA:0,Step1
FNDA:0,(anonymous_5)
FNDA:0,(anonymous_6)
FNDA:0,(anonymous_7)
FNDA:0,(anonymous_8)
DA:1,0
DA:8,0
DA:10,0
DA:11,0
DA:12,0
DA:13,0
DA:14,0
DA:15,0
DA:16,0
DA:18,0
DA:19,0
DA:20,0
DA:21,0
DA:23,0
DA:37,0
DA:47,0
DA:57,0
LF:17
LH:0
BRDA:23,0,0,0
BRDA:23,0,1,0
BRDA:23,0,2,0
BRDA:61,1,0,0
BRF:4
BRH:0
end_of_record
TN:
SF:src/pages/step2.tsx
FN:6,Step2
FN:35,(anonymous_6)
FN:40,(anonymous_7)
FNF:3
FNH:0
FNDA:0,Step2
FNDA:0,(anonymous_6)
FNDA:0,(anonymous_7)
DA:1,0
DA:2,0
DA:4,0
DA:6,0
DA:7,0
DA:8,0
DA:36,0
DA:40,0
LF:8
LH:0
BRDA:39,0,0,0
BRDA:39,0,1,0
BRDA:65,1,0,0
BRDA:65,1,1,0
BRF:4
BRH:0
end_of_record
TN:
SF:src/pages/step3.tsx
FN:5,Step3
FNF:1
FNH:0
FNDA:0,Step3
DA:1,0
DA:2,0
DA:3,0
DA:5,0
LF:4
LH:0
BRF:0
BRH:0
end_of_record
TN:
SF:src/pages/step4.tsx
FN:7,Step4
FNF:1
FNH:0
FNDA:0,Step4
DA:1,0
DA:2,0
DA:3,0
DA:5,0
DA:7,0
LF:5
LH:0
BRF:0
BRH:0
end_of_record
TN:
SF:src/styles/global.ts
FNF:0
FNH:0
DA:1,0
DA:3,0
LF:2
LH:0
BRF:0
BRH:0
end_of_record
TN:
SF:src/styles/index.ts
FNF:0
FNH:0
DA:1,0
DA:4,0
DA:5,0
DA:6,0
DA:7,0
DA:8,0
DA:9,0
DA:10,0
DA:11,0
DA:12,0
LF:10
LH:0
BRF:0
BRH:0
end_of_record
TN:
SF:src/styles/pages/app.ts
FNF:0
FNH:0
DA:1,0
DA:3,0
DA:8,0
DA:29,0
DA:35,0
DA:47,0
DA:58,0
DA:63,0
DA:86,0
DA:107,0
DA:115,0
DA:135,0
DA:155,0
LF:13
LH:0
BRF:0
BRH:0
end_of_record
TN:
SF:src/styles/pages/home.ts
FNF:0
FNH:0
DA:1,0
DA:3,0
LF:2
LH:0
BRF:0
BRH:0
end_of_record
TN:
SF:src/styles/pages/step1.ts
FNF:0
FNH:0
DA:1,0
DA:3,0
DA:7,0
DA:29,0
DA:43,0
DA:49,0
LF:6
LH:0
BRF:0
BRH:0
end_of_record
TN:
SF:src/styles/pages/step2.ts
FNF:0
FNH:0
DA:1,0
DA:2,0
DA:3,0
DA:5,0
DA:11,0
DA:25,0
DA:40,0
DA:62,0
DA:69,0
DA:77,0
DA:90,0
DA:103,0
DA:105,0
LF:13
LH:0
BRF:0
BRH:0
end_of_record
TN:
SF:src/styles/pages/step3.ts
FNF:0
FNH:0
DA:1,0
DA:2,0
DA:3,0
DA:5,0
DA:11,0
DA:35,0
DA:51,0
DA:65,0
DA:69,0
DA:78,0
LF:10
LH:0
BRF:0
BRH:0
end_of_record
TN:
SF:src/styles/pages/step4.ts
FNF:0
FNH:0
DA:1,0
DA:3,0
LF:2
LH:0
BRF:0
BRH:0
end_of_record
